
----------------------------------
Using stored unhandled routes!.
   To discover new routes in the angular app use "npm run scully -- --scanRoutes"
----------------------------------No configuration for route "/github-repos/:repo" found. SkippingNo configuration for route "/blog/:slug" found. Skipping


No configuration for route "/github-repos/:repo" found. Skipping

----------------------------------
Using stored unhandled routes!.
   To discover new routes in the angular app use "npm run scully -- --scanRoutes"
----------------------------------****************************************************************************************
This is a development tool for Scully applications.
You can ignore the warning (TLS) or run scully with --no-warning
****************************************************************************************

Could not fetch data for route "/github-repos/:repo"
Error during file write
Error: ENOENT: no such file or directory, mkdir 'E:\angular-projects\portfolio\dist\static\github-repos\:repo'

----------------------------------
Using stored unhandled routes!.
   To discover new routes in the angular app use "npm run scully -- --scanRoutes"
----------------------------------****************************************************************************************
This is a development tool for Scully applications.
You can ignore the warning (TLS) or run scully with --no-warning
****************************************************************************************

Could not fetch data for route "/github-repos/:repo"
Error during file write
Error: ENOENT: no such file or directory, mkdir 'E:\angular-projects\portfolio\dist\static\github-repos\:repo'

----------------------------------
Using stored unhandled routes!.
   To discover new routes in the angular app use "npm run scully -- --scanRoutes"
----------------------------------****************************************************************************************
This is a development tool for Scully applications.
You can ignore the warning (TLS) or run scully with --no-warning
****************************************************************************************

Could not fetch data for route "/github-repos/:repo"
Error during file write
Error: ENOENT: no such file or directory, mkdir 'E:\angular-projects\portfolio\dist\static\github-repos\:repo'

----------------------------------
Using stored unhandled routes!.
   To discover new routes in the angular app use "npm run scully -- --scanRoutes"
----------------------------------****************************************************************************************
This is a development tool for Scully applications.
You can ignore the warning (TLS) or run scully with --no-warning
****************************************************************************************

Could not fetch data for route "/github-repos/:repo"
Error during file write
Error: ENOENT: no such file or directory, mkdir 'E:\angular-projects\portfolio\dist\static\github-repos\:repo'

----------------------------------
Using stored unhandled routes!.
   To discover new routes in the angular app use "npm run scully -- --scanRoutes"
----------------------------------No configuration for route "/github-repos/:repo" found. Skipping


----------------------------------
Using stored unhandled routes!.
   To discover new routes in the angular app use "npm run scully -- --scanRoutes"
----------------------------------****************************************************************************************
This is a development tool for Scully applications.
You can ignore the warning (TLS) or run scully with --no-warning
****************************************************************************************

Could not fetch data for route "/github-repos/:repo"
Error during file write
Error: ENOENT: no such file or directory, mkdir 'E:\angular-projects\portfolio\dist\static\github-repos\:repo'

----------------------------------
Using stored unhandled routes!.
   To discover new routes in the angular app use "npm run scully -- --scanRoutes"
----------------------------------****************************************************************************************
This is a development tool for Scully applications.
You can ignore the warning (TLS) or run scully with --no-warning
****************************************************************************************

Could not fetch data for route "/github-repos/:repo"
Error during file write
Error: ENOENT: no such file or directory, mkdir 'E:\angular-projects\portfolio\dist\static\github-repos\:repo'

----------------------------------
Using stored unhandled routes!.
   To discover new routes in the angular app use "npm run scully -- --scanRoutes"
----------------------------------****************************************************************************************
This is a development tool for Scully applications.
You can ignore the warning (TLS) or run scully with --no-warning
****************************************************************************************

Could not fetch data for route "/github-repos/:repo"
Error during file write
Error: ENOENT: no such file or directory, mkdir 'E:\angular-projects\portfolio\dist\static\github-repos\:repo'

----------------------------------
Using stored unhandled routes!.
   To discover new routes in the angular app use "npm run scully -- --scanRoutes"
----------------------------------****************************************************************************************
This is a development tool for Scully applications.
You can ignore the warning (TLS) or run scully with --no-warning
****************************************************************************************

Could not fetch data for route "/github-repos/:repo"
Error during file write
Error: ENOENT: no such file or directory, mkdir 'E:\angular-projects\portfolio\dist\static\github-repos\:repo'

----------------------------------
Using stored unhandled routes!.
   To discover new routes in the angular app use "npm run scully -- --scanRoutes"
----------------------------------****************************************************************************************
This is a development tool for Scully applications.
You can ignore the warning (TLS) or run scully with --no-warning
****************************************************************************************


----------------------------------
Using stored unhandled routes!.
   To discover new routes in the angular app use "npm run scully -- --scanRoutes"
----------------------------------****************************************************************************************
This is a development tool for Scully applications.
You can ignore the warning (TLS) or run scully with --no-warning
****************************************************************************************


----------------------------------
Using stored unhandled routes!.
   To discover new routes in the angular app use "npm run scully -- --scanRoutes"
----------------------------------****************************************************************************************
This is a development tool for Scully applications.
You can ignore the warning (TLS) or run scully with --no-warning
****************************************************************************************


----------------------------------
Using stored unhandled routes!.
   To discover new routes in the angular app use "npm run scully -- --scanRoutes"
----------------------------------****************************************************************************************
This is a development tool for Scully applications.
You can ignore the warning (TLS) or run scully with --no-warning
****************************************************************************************

